#-----------------------------------------------------------
# Vivado v2024.2 (64-bit)
# SW Build 5239630 on Fri Nov 08 22:34:34 MST 2024
# IP Build 5239520 on Sun Nov 10 16:12:51 MST 2024
# SharedData Build 5239561 on Fri Nov 08 14:39:27 MST 2024
# Start of session at: Sun Apr 27 07:16:45 2025
# Process ID         : 36091
# Current directory  : /home/hkchu/xillybus
# Command line       : vivado
# Log file           : /home/hkchu/xillybus/vivado.log
# Journal file       : /home/hkchu/xillybus/vivado.jou
# Running On         : pikespeak
# Platform           : Ubuntu
# Operating System   : Ubuntu 22.04.5 LTS
# Processor Detail   : 11th Gen Intel(R) Core(TM) i9-11900K @ 3.50GHz
# CPU Frequency      : 4700.000 MHz
# CPU Physical cores : 8
# CPU Logical cores  : 16
# Host memory        : 67185 MB
# Swap memory        : 2147 MB
# Total Virtual      : 69332 MB
# Available Virtual  : 67821 MB
#-----------------------------------------------------------
start_gui
WARNING: [Board 49-26] cannot add Board Part xilinx.com:zcu208ld:part0:2.0 available at /tools/Xilinx/Vivado/2024.2/data/xhub/boards/XilinxBoardStore/boards/Xilinx/zcu208ld/production/2.0/board.xml as part xczu58dr-fsvg1517-2-i specified in board_part file is either invalid or not available
WARNING: [Board 49-26] cannot add Board Part xilinx.com:zcu216ld:part0:2.0 available at /tools/Xilinx/Vivado/2024.2/data/xhub/boards/XilinxBoardStore/boards/Xilinx/zcu216ld/production/2.0/board.xml as part xczu59dr-ffvf1760-2-i specified in board_part file is either invalid or not available
WARNING: [Board 49-26] cannot add Board Part xilinx.com:zcu670ld:part0:1.0 available at /tools/Xilinx/Vivado/2024.2/data/xhub/boards/XilinxBoardStore/boards/Xilinx/zcu670ld/1.0/board.xml as part xczu57dr-fsve1156-2-i specified in board_part file is either invalid or not available
open_project /home/hkchu/xillybus/verilog/vivado/xillydemo.xpr
INFO: [filemgmt 56-3] Default IP Output Path : Could not find the directory '/home/hkchu/xillybus/verilog/vivado/xillydemo.gen/sources_1'.
Scanning sources...
Finished scanning sources
INFO: [IP_Flow 19-234] Refreshing IP repositories
INFO: [IP_Flow 19-1704] No user IP repositories specified
INFO: [IP_Flow 19-2313] Loaded Vivado IP repository '/tools/Xilinx/Vivado/2024.2/data/ip'.
open_project: Time (s): cpu = 00:00:05 ; elapsed = 00:00:06 . Memory (MB): peak = 7882.164 ; gain = 222.484 ; free physical = 46174 ; free virtual = 63830
